TN:
SF:src/utils/xsd-analyzer.ts
FN:14,analyzeXSDElements
FNF:1
FNH:1
FNDA:3,analyzeXSDElements
DA:14,1
DA:15,3
DA:16,3
DA:17,3
DA:18,3
DA:21,3
DA:23,3
DA:24,7
DA:33,3
DA:34,3
DA:35,7
DA:36,7
DA:39,3
DA:42,3
DA:43,3
DA:44,1
DA:48,3
DA:49,3
DA:50,1
DA:53,3
DA:59,0
LF:21
LH:20
BRDA:26,0,0,7
BRDA:26,0,1,1
BRDA:27,1,0,7
BRDA:27,1,1,5
BRDA:28,2,0,7
BRDA:28,2,1,5
BRDA:35,3,0,7
BRDA:35,3,1,0
BRDA:59,4,0,0
BRDA:59,4,1,0
BRF:10
BRH:7
end_of_record
TN:
SF:src/utils/xsd-validator.ts
FN:9,validateXSD
FNF:1
FNH:1
FNDA:3,validateXSD
DA:9,1
DA:10,3
DA:12,3
DA:13,3
DA:18,3
DA:27,3
DA:29,3
DA:30,2
DA:34,3
DA:35,3
DA:36,6
DA:39,3
DA:41,0
LF:13
LH:12
BRDA:12,0,0,3
BRDA:12,0,1,2
BRDA:13,1,0,3
BRDA:13,1,1,1
BRDA:13,1,2,1
BRDA:13,1,3,1
BRDA:19,2,0,3
BRDA:19,2,1,3
BRDA:41,3,0,0
BRDA:41,3,1,0
BRF:10
BRH:8
end_of_record
